<?xml version="1.0" encoding="UTF-8"?>
<!-- Generated by org.testng.reporters.JUnitReportReporter -->
<testsuite skipped="0" hostname="User20-PC" name="Gaurav_Package.TestAutomation1" tests="1" failures="0" timestamp="10 Oct 2017 10:05:39 GMT" time="0.006" errors="0">
  <testcase name="f" time="0.006" classname="Gaurav_Package.TestAutomation1"/>
</testsuite> <!-- Gaurav_Package.TestAutomation1 -->
