<?xml version="1.0" encoding="UTF-8"?>
<!-- Generated by org.testng.reporters.JUnitReportReporter -->
<testsuite skipped="0" hostname="User20-PC" name="com.metacube.Testing.TestAutomation1" tests="2" failures="0" timestamp="11 Oct 2017 08:23:59 GMT" time="50.630" errors="0">
  <testcase name="createAccountRedirectionTest" time="26.419" classname="com.metacube.Testing.TestAutomation1"/>
  <testcase name="asignInForgotPasswordTest" time="24.211" classname="com.metacube.Testing.TestAutomation1"/>
</testsuite> <!-- com.metacube.Testing.TestAutomation1 -->
